{"numFailedTestSuites":1,"numFailedTests":5,"numPassedTestSuites":0,"numPassedTests":0,"numPendingTestSuites":0,"numPendingTests":0,"numRuntimeErrorTestSuites":0,"numTodoTests":0,"numTotalTestSuites":1,"numTotalTests":5,"openHandles":[],"snapshot":{"added":0,"didUpdate":false,"failure":false,"filesAdded":0,"filesRemoved":0,"filesRemovedList":[],"filesUnmatched":0,"filesUpdated":0,"matched":0,"total":0,"unchecked":0,"uncheckedKeysByFile":[],"unmatched":0,"updated":0},"startTime":1764213932916,"success":false,"testResults":[{"assertionResults":[{"ancestorTitles":["ApiOrchestrationService","discoverApi"],"duration":5,"failureDetails":[{}],"failureMessages":["TypeError: Cannot read properties of undefined (reading 'clear')\n    at Object.clear (C:\\projects\\AAKARSH AI\\backend\\apiOrchestrationService.test.js:21:41)\n    at Promise.then.completed (C:\\projects\\AAKARSH AI\\backend\\node_modules\\jest-circus\\build\\utils.js:298:28)\n    at new Promise (<anonymous>)\n    at callAsyncCircusFn (C:\\projects\\AAKARSH AI\\backend\\node_modules\\jest-circus\\build\\utils.js:231:10)\n    at _callCircusHook (C:\\projects\\AAKARSH AI\\backend\\node_modules\\jest-circus\\build\\run.js:281:40)\n    at _runTest (C:\\projects\\AAKARSH AI\\backend\\node_modules\\jest-circus\\build\\run.js:246:5)\n    at _runTestsForDescribeBlock (C:\\projects\\AAKARSH AI\\backend\\node_modules\\jest-circus\\build\\run.js:126:9)\n    at _runTestsForDescribeBlock (C:\\projects\\AAKARSH AI\\backend\\node_modules\\jest-circus\\build\\run.js:121:9)\n    at _runTestsForDescribeBlock (C:\\projects\\AAKARSH AI\\backend\\node_modules\\jest-circus\\build\\run.js:121:9)\n    at run (C:\\projects\\AAKARSH AI\\backend\\node_modules\\jest-circus\\build\\run.js:71:3)\n    at runAndTransformResultsToJestFormat (C:\\projects\\AAKARSH AI\\backend\\node_modules\\jest-circus\\build\\legacy-code-todo-rewrite\\jestAdapterInit.js:122:21)\n    at jestAdapter (C:\\projects\\AAKARSH AI\\backend\\node_modules\\jest-circus\\build\\legacy-code-todo-rewrite\\jestAdapter.js:79:19)\n    at runTestInternal (C:\\projects\\AAKARSH AI\\backend\\node_modules\\jest-runner\\build\\runTest.js:367:16)\n    at runTest (C:\\projects\\AAKARSH AI\\backend\\node_modules\\jest-runner\\build\\runTest.js:444:34)"],"fullName":"ApiOrchestrationService discoverApi should discover API from OpenAPI spec","invocations":1,"location":null,"numPassingAsserts":0,"retryReasons":[],"status":"failed","title":"should discover API from OpenAPI spec"},{"ancestorTitles":["ApiOrchestrationService","discoverApi"],"duration":1,"failureDetails":[{}],"failureMessages":["TypeError: Cannot read properties of undefined (reading 'clear')\n    at Object.clear (C:\\projects\\AAKARSH AI\\backend\\apiOrchestrationService.test.js:21:41)\n    at Promise.then.completed (C:\\projects\\AAKARSH AI\\backend\\node_modules\\jest-circus\\build\\utils.js:298:28)\n    at new Promise (<anonymous>)\n    at callAsyncCircusFn (C:\\projects\\AAKARSH AI\\backend\\node_modules\\jest-circus\\build\\utils.js:231:10)\n    at _callCircusHook (C:\\projects\\AAKARSH AI\\backend\\node_modules\\jest-circus\\build\\run.js:281:40)\n    at _runTest (C:\\projects\\AAKARSH AI\\backend\\node_modules\\jest-circus\\build\\run.js:246:5)\n    at _runTestsForDescribeBlock (C:\\projects\\AAKARSH AI\\backend\\node_modules\\jest-circus\\build\\run.js:126:9)\n    at _runTestsForDescribeBlock (C:\\projects\\AAKARSH AI\\backend\\node_modules\\jest-circus\\build\\run.js:121:9)\n    at _runTestsForDescribeBlock (C:\\projects\\AAKARSH AI\\backend\\node_modules\\jest-circus\\build\\run.js:121:9)\n    at run (C:\\projects\\AAKARSH AI\\backend\\node_modules\\jest-circus\\build\\run.js:71:3)\n    at runAndTransformResultsToJestFormat (C:\\projects\\AAKARSH AI\\backend\\node_modules\\jest-circus\\build\\legacy-code-todo-rewrite\\jestAdapterInit.js:122:21)\n    at jestAdapter (C:\\projects\\AAKARSH AI\\backend\\node_modules\\jest-circus\\build\\legacy-code-todo-rewrite\\jestAdapter.js:79:19)\n    at runTestInternal (C:\\projects\\AAKARSH AI\\backend\\node_modules\\jest-runner\\build\\runTest.js:367:16)\n    at runTest (C:\\projects\\AAKARSH AI\\backend\\node_modules\\jest-runner\\build\\runTest.js:444:34)"],"fullName":"ApiOrchestrationService discoverApi should return basic info if discovery fails","invocations":1,"location":null,"numPassingAsserts":0,"retryReasons":[],"status":"failed","title":"should return basic info if discovery fails"},{"ancestorTitles":["ApiOrchestrationService","configureApi"],"duration":2,"failureDetails":[{}],"failureMessages":["TypeError: Cannot read properties of undefined (reading 'clear')\n    at Object.clear (C:\\projects\\AAKARSH AI\\backend\\apiOrchestrationService.test.js:21:41)\n    at Promise.then.completed (C:\\projects\\AAKARSH AI\\backend\\node_modules\\jest-circus\\build\\utils.js:298:28)\n    at new Promise (<anonymous>)\n    at callAsyncCircusFn (C:\\projects\\AAKARSH AI\\backend\\node_modules\\jest-circus\\build\\utils.js:231:10)\n    at _callCircusHook (C:\\projects\\AAKARSH AI\\backend\\node_modules\\jest-circus\\build\\run.js:281:40)\n    at _runTest (C:\\projects\\AAKARSH AI\\backend\\node_modules\\jest-circus\\build\\run.js:246:5)\n    at _runTestsForDescribeBlock (C:\\projects\\AAKARSH AI\\backend\\node_modules\\jest-circus\\build\\run.js:126:9)\n    at _runTestsForDescribeBlock (C:\\projects\\AAKARSH AI\\backend\\node_modules\\jest-circus\\build\\run.js:121:9)\n    at _runTestsForDescribeBlock (C:\\projects\\AAKARSH AI\\backend\\node_modules\\jest-circus\\build\\run.js:121:9)\n    at run (C:\\projects\\AAKARSH AI\\backend\\node_modules\\jest-circus\\build\\run.js:71:3)\n    at runAndTransformResultsToJestFormat (C:\\projects\\AAKARSH AI\\backend\\node_modules\\jest-circus\\build\\legacy-code-todo-rewrite\\jestAdapterInit.js:122:21)\n    at jestAdapter (C:\\projects\\AAKARSH AI\\backend\\node_modules\\jest-circus\\build\\legacy-code-todo-rewrite\\jestAdapter.js:79:19)\n    at runTestInternal (C:\\projects\\AAKARSH AI\\backend\\node_modules\\jest-runner\\build\\runTest.js:367:16)\n    at runTest (C:\\projects\\AAKARSH AI\\backend\\node_modules\\jest-runner\\build\\runTest.js:444:34)"],"fullName":"ApiOrchestrationService configureApi should save API configuration","invocations":1,"location":null,"numPassingAsserts":0,"retryReasons":[],"status":"failed","title":"should save API configuration"},{"ancestorTitles":["ApiOrchestrationService","configureApi"],"duration":1,"failureDetails":[{}],"failureMessages":["TypeError: Cannot read properties of undefined (reading 'clear')\n    at Object.clear (C:\\projects\\AAKARSH AI\\backend\\apiOrchestrationService.test.js:21:41)\n    at Promise.then.completed (C:\\projects\\AAKARSH AI\\backend\\node_modules\\jest-circus\\build\\utils.js:298:28)\n    at new Promise (<anonymous>)\n    at callAsyncCircusFn (C:\\projects\\AAKARSH AI\\backend\\node_modules\\jest-circus\\build\\utils.js:231:10)\n    at _callCircusHook (C:\\projects\\AAKARSH AI\\backend\\node_modules\\jest-circus\\build\\run.js:281:40)\n    at _runTest (C:\\projects\\AAKARSH AI\\backend\\node_modules\\jest-circus\\build\\run.js:246:5)\n    at _runTestsForDescribeBlock (C:\\projects\\AAKARSH AI\\backend\\node_modules\\jest-circus\\build\\run.js:126:9)\n    at _runTestsForDescribeBlock (C:\\projects\\AAKARSH AI\\backend\\node_modules\\jest-circus\\build\\run.js:121:9)\n    at _runTestsForDescribeBlock (C:\\projects\\AAKARSH AI\\backend\\node_modules\\jest-circus\\build\\run.js:121:9)\n    at run (C:\\projects\\AAKARSH AI\\backend\\node_modules\\jest-circus\\build\\run.js:71:3)\n    at runAndTransformResultsToJestFormat (C:\\projects\\AAKARSH AI\\backend\\node_modules\\jest-circus\\build\\legacy-code-todo-rewrite\\jestAdapterInit.js:122:21)\n    at jestAdapter (C:\\projects\\AAKARSH AI\\backend\\node_modules\\jest-circus\\build\\legacy-code-todo-rewrite\\jestAdapter.js:79:19)\n    at runTestInternal (C:\\projects\\AAKARSH AI\\backend\\node_modules\\jest-runner\\build\\runTest.js:367:16)\n    at runTest (C:\\projects\\AAKARSH AI\\backend\\node_modules\\jest-runner\\build\\runTest.js:444:34)"],"fullName":"ApiOrchestrationService configureApi should encrypt credentials","invocations":1,"location":null,"numPassingAsserts":0,"retryReasons":[],"status":"failed","title":"should encrypt credentials"},{"ancestorTitles":["ApiOrchestrationService","executeRequest"],"duration":1,"failureDetails":[{}],"failureMessages":["TypeError: Cannot read properties of undefined (reading 'clear')\n    at Object.clear (C:\\projects\\AAKARSH AI\\backend\\apiOrchestrationService.test.js:21:41)\n    at Promise.then.completed (C:\\projects\\AAKARSH AI\\backend\\node_modules\\jest-circus\\build\\utils.js:298:28)\n    at new Promise (<anonymous>)\n    at callAsyncCircusFn (C:\\projects\\AAKARSH AI\\backend\\node_modules\\jest-circus\\build\\utils.js:231:10)\n    at _callCircusHook (C:\\projects\\AAKARSH AI\\backend\\node_modules\\jest-circus\\build\\run.js:281:40)\n    at _runTest (C:\\projects\\AAKARSH AI\\backend\\node_modules\\jest-circus\\build\\run.js:246:5)\n    at _runTestsForDescribeBlock (C:\\projects\\AAKARSH AI\\backend\\node_modules\\jest-circus\\build\\run.js:126:9)\n    at _runTestsForDescribeBlock (C:\\projects\\AAKARSH AI\\backend\\node_modules\\jest-circus\\build\\run.js:121:9)\n    at _runTestsForDescribeBlock (C:\\projects\\AAKARSH AI\\backend\\node_modules\\jest-circus\\build\\run.js:121:9)\n    at run (C:\\projects\\AAKARSH AI\\backend\\node_modules\\jest-circus\\build\\run.js:71:3)\n    at runAndTransformResultsToJestFormat (C:\\projects\\AAKARSH AI\\backend\\node_modules\\jest-circus\\build\\legacy-code-todo-rewrite\\jestAdapterInit.js:122:21)\n    at jestAdapter (C:\\projects\\AAKARSH AI\\backend\\node_modules\\jest-circus\\build\\legacy-code-todo-rewrite\\jestAdapter.js:79:19)\n    at runTestInternal (C:\\projects\\AAKARSH AI\\backend\\node_modules\\jest-runner\\build\\runTest.js:367:16)\n    at runTest (C:\\projects\\AAKARSH AI\\backend\\node_modules\\jest-runner\\build\\runTest.js:444:34)"],"fullName":"ApiOrchestrationService executeRequest should execute request with correct parameters","invocations":1,"location":null,"numPassingAsserts":0,"retryReasons":[],"status":"failed","title":"should execute request with correct parameters"}],"endTime":1764213934920,"message":"\u001b[1m\u001b[31m  \u001b[1m● \u001b[22m\u001b[1mApiOrchestrationService › discoverApi › should discover API from OpenAPI spec\u001b[39m\u001b[22m\n\n    TypeError: Cannot read properties of undefined (reading 'clear')\n\u001b[2m\u001b[22m\n\u001b[2m    \u001b[0m \u001b[90m 19 |\u001b[39m     beforeEach(() \u001b[33m=>\u001b[39m {\u001b[22m\n\u001b[2m     \u001b[90m 20 |\u001b[39m         jest\u001b[33m.\u001b[39mclearAllMocks()\u001b[33m;\u001b[39m\u001b[22m\n\u001b[2m    \u001b[31m\u001b[1m>\u001b[22m\u001b[2m\u001b[39m\u001b[90m 21 |\u001b[39m         apiOrchestrationService\u001b[33m.\u001b[39mconfigs\u001b[33m.\u001b[39mclear()\u001b[33m;\u001b[39m\u001b[22m\n\u001b[2m     \u001b[90m    |\u001b[39m                                         \u001b[31m\u001b[1m^\u001b[22m\u001b[2m\u001b[39m\u001b[22m\n\u001b[2m     \u001b[90m 22 |\u001b[39m     })\u001b[33m;\u001b[39m\u001b[22m\n\u001b[2m     \u001b[90m 23 |\u001b[39m\u001b[22m\n\u001b[2m     \u001b[90m 24 |\u001b[39m     describe(\u001b[32m'discoverApi'\u001b[39m\u001b[33m,\u001b[39m () \u001b[33m=>\u001b[39m {\u001b[0m\u001b[22m\n\u001b[2m\u001b[22m\n\u001b[2m      \u001b[2mat Object.clear (\u001b[22m\u001b[2m\u001b[0m\u001b[36mapiOrchestrationService.test.js\u001b[39m\u001b[0m\u001b[2m:21:41)\u001b[22m\u001b[2m\u001b[22m\n\n\u001b[1m\u001b[31m  \u001b[1m● \u001b[22m\u001b[1mApiOrchestrationService › discoverApi › should return basic info if discovery fails\u001b[39m\u001b[22m\n\n    TypeError: Cannot read properties of undefined (reading 'clear')\n\u001b[2m\u001b[22m\n\u001b[2m    \u001b[0m \u001b[90m 19 |\u001b[39m     beforeEach(() \u001b[33m=>\u001b[39m {\u001b[22m\n\u001b[2m     \u001b[90m 20 |\u001b[39m         jest\u001b[33m.\u001b[39mclearAllMocks()\u001b[33m;\u001b[39m\u001b[22m\n\u001b[2m    \u001b[31m\u001b[1m>\u001b[22m\u001b[2m\u001b[39m\u001b[90m 21 |\u001b[39m         apiOrchestrationService\u001b[33m.\u001b[39mconfigs\u001b[33m.\u001b[39mclear()\u001b[33m;\u001b[39m\u001b[22m\n\u001b[2m     \u001b[90m    |\u001b[39m                                         \u001b[31m\u001b[1m^\u001b[22m\u001b[2m\u001b[39m\u001b[22m\n\u001b[2m     \u001b[90m 22 |\u001b[39m     })\u001b[33m;\u001b[39m\u001b[22m\n\u001b[2m     \u001b[90m 23 |\u001b[39m\u001b[22m\n\u001b[2m     \u001b[90m 24 |\u001b[39m     describe(\u001b[32m'discoverApi'\u001b[39m\u001b[33m,\u001b[39m () \u001b[33m=>\u001b[39m {\u001b[0m\u001b[22m\n\u001b[2m\u001b[22m\n\u001b[2m      \u001b[2mat Object.clear (\u001b[22m\u001b[2m\u001b[0m\u001b[36mapiOrchestrationService.test.js\u001b[39m\u001b[0m\u001b[2m:21:41)\u001b[22m\u001b[2m\u001b[22m\n\n\u001b[1m\u001b[31m  \u001b[1m● \u001b[22m\u001b[1mApiOrchestrationService › configureApi › should save API configuration\u001b[39m\u001b[22m\n\n    TypeError: Cannot read properties of undefined (reading 'clear')\n\u001b[2m\u001b[22m\n\u001b[2m    \u001b[0m \u001b[90m 19 |\u001b[39m     beforeEach(() \u001b[33m=>\u001b[39m {\u001b[22m\n\u001b[2m     \u001b[90m 20 |\u001b[39m         jest\u001b[33m.\u001b[39mclearAllMocks()\u001b[33m;\u001b[39m\u001b[22m\n\u001b[2m    \u001b[31m\u001b[1m>\u001b[22m\u001b[2m\u001b[39m\u001b[90m 21 |\u001b[39m         apiOrchestrationService\u001b[33m.\u001b[39mconfigs\u001b[33m.\u001b[39mclear()\u001b[33m;\u001b[39m\u001b[22m\n\u001b[2m     \u001b[90m    |\u001b[39m                                         \u001b[31m\u001b[1m^\u001b[22m\u001b[2m\u001b[39m\u001b[22m\n\u001b[2m     \u001b[90m 22 |\u001b[39m     })\u001b[33m;\u001b[39m\u001b[22m\n\u001b[2m     \u001b[90m 23 |\u001b[39m\u001b[22m\n\u001b[2m     \u001b[90m 24 |\u001b[39m     describe(\u001b[32m'discoverApi'\u001b[39m\u001b[33m,\u001b[39m () \u001b[33m=>\u001b[39m {\u001b[0m\u001b[22m\n\u001b[2m\u001b[22m\n\u001b[2m      \u001b[2mat Object.clear (\u001b[22m\u001b[2m\u001b[0m\u001b[36mapiOrchestrationService.test.js\u001b[39m\u001b[0m\u001b[2m:21:41)\u001b[22m\u001b[2m\u001b[22m\n\n\u001b[1m\u001b[31m  \u001b[1m● \u001b[22m\u001b[1mApiOrchestrationService › configureApi › should encrypt credentials\u001b[39m\u001b[22m\n\n    TypeError: Cannot read properties of undefined (reading 'clear')\n\u001b[2m\u001b[22m\n\u001b[2m    \u001b[0m \u001b[90m 19 |\u001b[39m     beforeEach(() \u001b[33m=>\u001b[39m {\u001b[22m\n\u001b[2m     \u001b[90m 20 |\u001b[39m         jest\u001b[33m.\u001b[39mclearAllMocks()\u001b[33m;\u001b[39m\u001b[22m\n\u001b[2m    \u001b[31m\u001b[1m>\u001b[22m\u001b[2m\u001b[39m\u001b[90m 21 |\u001b[39m         apiOrchestrationService\u001b[33m.\u001b[39mconfigs\u001b[33m.\u001b[39mclear()\u001b[33m;\u001b[39m\u001b[22m\n\u001b[2m     \u001b[90m    |\u001b[39m                                         \u001b[31m\u001b[1m^\u001b[22m\u001b[2m\u001b[39m\u001b[22m\n\u001b[2m     \u001b[90m 22 |\u001b[39m     })\u001b[33m;\u001b[39m\u001b[22m\n\u001b[2m     \u001b[90m 23 |\u001b[39m\u001b[22m\n\u001b[2m     \u001b[90m 24 |\u001b[39m     describe(\u001b[32m'discoverApi'\u001b[39m\u001b[33m,\u001b[39m () \u001b[33m=>\u001b[39m {\u001b[0m\u001b[22m\n\u001b[2m\u001b[22m\n\u001b[2m      \u001b[2mat Object.clear (\u001b[22m\u001b[2m\u001b[0m\u001b[36mapiOrchestrationService.test.js\u001b[39m\u001b[0m\u001b[2m:21:41)\u001b[22m\u001b[2m\u001b[22m\n\n\u001b[1m\u001b[31m  \u001b[1m● \u001b[22m\u001b[1mApiOrchestrationService › executeRequest › should execute request with correct parameters\u001b[39m\u001b[22m\n\n    TypeError: Cannot read properties of undefined (reading 'clear')\n\u001b[2m\u001b[22m\n\u001b[2m    \u001b[0m \u001b[90m 19 |\u001b[39m     beforeEach(() \u001b[33m=>\u001b[39m {\u001b[22m\n\u001b[2m     \u001b[90m 20 |\u001b[39m         jest\u001b[33m.\u001b[39mclearAllMocks()\u001b[33m;\u001b[39m\u001b[22m\n\u001b[2m    \u001b[31m\u001b[1m>\u001b[22m\u001b[2m\u001b[39m\u001b[90m 21 |\u001b[39m         apiOrchestrationService\u001b[33m.\u001b[39mconfigs\u001b[33m.\u001b[39mclear()\u001b[33m;\u001b[39m\u001b[22m\n\u001b[2m     \u001b[90m    |\u001b[39m                                         \u001b[31m\u001b[1m^\u001b[22m\u001b[2m\u001b[39m\u001b[22m\n\u001b[2m     \u001b[90m 22 |\u001b[39m     })\u001b[33m;\u001b[39m\u001b[22m\n\u001b[2m     \u001b[90m 23 |\u001b[39m\u001b[22m\n\u001b[2m     \u001b[90m 24 |\u001b[39m     describe(\u001b[32m'discoverApi'\u001b[39m\u001b[33m,\u001b[39m () \u001b[33m=>\u001b[39m {\u001b[0m\u001b[22m\n\u001b[2m\u001b[22m\n\u001b[2m      \u001b[2mat Object.clear (\u001b[22m\u001b[2m\u001b[0m\u001b[36mapiOrchestrationService.test.js\u001b[39m\u001b[0m\u001b[2m:21:41)\u001b[22m\u001b[2m\u001b[22m\n","name":"C:\\projects\\AAKARSH AI\\backend\\apiOrchestrationService.test.js","startTime":1764213933192,"status":"failed","summary":""}],"wasInterrupted":false}
